[0.481s] Invoking command in '/home/yuki/ros2_ws/src/mypkg/build/mypkg': PYTHONPATH=/home/yuki/ros2_ws/src/mypkg/build/mypkg/prefix_override:/usr/lib/python3/dist-packages/colcon_core/task/python/colcon_distutils_commands:/home/yuki/ros2_ws/src/mypkg/install/mypkg/lib/python3.8/site-packages:${PYTHONPATH} /usr/bin/python3 -W ignore:setup.py install is deprecated setup.py develop --editable --build-directory /home/yuki/ros2_ws/src/mypkg/build/mypkg/build --no-deps symlink_data
[0.655s] running develop
[0.732s] running egg_info
[0.732s] creating mypkg.egg-info
[0.732s] writing mypkg.egg-info/PKG-INFO
[0.733s] writing dependency_links to mypkg.egg-info/dependency_links.txt
[0.733s] writing entry points to mypkg.egg-info/entry_points.txt
[0.733s] writing requirements to mypkg.egg-info/requires.txt
[0.733s] writing top-level names to mypkg.egg-info/top_level.txt
[0.735s] writing manifest file 'mypkg.egg-info/SOURCES.txt'
[0.761s] reading manifest file 'mypkg.egg-info/SOURCES.txt'
[0.761s] writing manifest file 'mypkg.egg-info/SOURCES.txt'
[0.786s] running build_ext
[0.786s] Creating /home/yuki/ros2_ws/src/mypkg/install/mypkg/lib/python3.8/site-packages/site.py
[0.788s] Creating /home/yuki/ros2_ws/src/mypkg/install/mypkg/lib/python3.8/site-packages/mypkg.egg-link (link to .)
[0.788s] Installing calendar_notifier script to /home/yuki/ros2_ws/src/mypkg/install/mypkg/lib/mypkg
[0.788s] Installing listener script to /home/yuki/ros2_ws/src/mypkg/install/mypkg/lib/mypkg
[0.789s] Installing talker script to /home/yuki/ros2_ws/src/mypkg/install/mypkg/lib/mypkg
[0.790s] 
[0.790s] Installed /home/yuki/ros2_ws/src/mypkg/build/mypkg
[0.790s] running symlink_data
[0.790s] creating /home/yuki/ros2_ws/src/mypkg/install/mypkg/share/ament_index
[0.790s] creating /home/yuki/ros2_ws/src/mypkg/install/mypkg/share/ament_index/resource_index
[0.790s] creating /home/yuki/ros2_ws/src/mypkg/install/mypkg/share/ament_index/resource_index/packages
[0.790s] symbolically linking /home/yuki/ros2_ws/src/mypkg/build/mypkg/resource/mypkg -> /home/yuki/ros2_ws/src/mypkg/install/mypkg/share/ament_index/resource_index/packages
[0.790s] symbolically linking /home/yuki/ros2_ws/src/mypkg/build/mypkg/package.xml -> /home/yuki/ros2_ws/src/mypkg/install/mypkg/share/mypkg
[0.790s] symbolically linking /home/yuki/ros2_ws/src/mypkg/build/mypkg/launch/talk_listen.launch.py -> /home/yuki/ros2_ws/src/mypkg/install/mypkg/share/mypkg
[0.810s] Invoked command in '/home/yuki/ros2_ws/src/mypkg/build/mypkg' returned '0': PYTHONPATH=/home/yuki/ros2_ws/src/mypkg/build/mypkg/prefix_override:/usr/lib/python3/dist-packages/colcon_core/task/python/colcon_distutils_commands:/home/yuki/ros2_ws/src/mypkg/install/mypkg/lib/python3.8/site-packages:${PYTHONPATH} /usr/bin/python3 -W ignore:setup.py install is deprecated setup.py develop --editable --build-directory /home/yuki/ros2_ws/src/mypkg/build/mypkg/build --no-deps symlink_data
